c:\jan\cse senior\compilers\parser\guip\guip\x64\release\vc143.pdb
c:\jan\cse senior\compilers\parser\guip\guip\x64\release\.netframework,version=v4.7.2.assemblyattributes.obj
c:\jan\cse senior\compilers\parser\guip\guip\x64\release\myform.obj
c:\jan\cse senior\compilers\parser\guip\x64\release\guip.exe
c:\jan\cse senior\compilers\parser\guip\x64\release\guip.pdb
d:\senior 2\compilers\scanner-parser-gui-main(v4) - copy\scanner-parser-gui-main\guip\guip\x64\release\guip.vcxproj.assemblyreference.cache
d:\senior 2\compilers\scanner-parser-gui-main(v4) - copy\scanner-parser-gui-main\guip\guip\x64\release\guip.vcxproj.generateresource.cache
d:\senior 2\compilers\scanner-parser-gui-main(v4) - copy\scanner-parser-gui-main\guip\guip\x64\release\myform.obj
d:\senior 2\compilers\scanner-parser-gui-main(v4) - copy\scanner-parser-gui-main\guip\guip\x64\release\guip.myform.resources
d:\senior 2\compilers\scanner-parser-gui-main(v4) - copy\scanner-parser-gui-main\guip\guip\x64\release\vc143.pdb
d:\senior 2\compilers\scanner-parser-gui-main(v4) - copy\scanner-parser-gui-main\guip\x64\release\guip.pdb
d:\senior 2\compilers\scanner-parser-gui-main(v4) - copy\scanner-parser-gui-main\guip\x64\release\guip.exe
d:\senior 2\compilers\scanner-parser-gui-main(v4) - copy\scanner-parser-gui-main\guip\guip\x64\release\guip.tlog\cl.command.1.tlog
d:\senior 2\compilers\scanner-parser-gui-main(v4) - copy\scanner-parser-gui-main\guip\guip\x64\release\guip.tlog\cl.items.tlog
d:\senior 2\compilers\scanner-parser-gui-main(v4) - copy\scanner-parser-gui-main\guip\guip\x64\release\guip.tlog\cl.read.1.tlog
d:\senior 2\compilers\scanner-parser-gui-main(v4) - copy\scanner-parser-gui-main\guip\guip\x64\release\guip.tlog\cl.write.1.tlog
d:\senior 2\compilers\scanner-parser-gui-main(v4) - copy\scanner-parser-gui-main\guip\guip\x64\release\guip.tlog\link.command.1.tlog
d:\senior 2\compilers\scanner-parser-gui-main(v4) - copy\scanner-parser-gui-main\guip\guip\x64\release\guip.tlog\link.read.1.tlog
d:\senior 2\compilers\scanner-parser-gui-main(v4) - copy\scanner-parser-gui-main\guip\guip\x64\release\guip.tlog\link.write.1.tlog
d:\senior 2\compilers\scanner-parser-gui-main(v4) - copy\scanner-parser-gui-main\guip\guip\x64\release\guip.tlog\metagen.read.1.tlog
d:\senior 2\compilers\scanner-parser-gui-main(v4) - copy\scanner-parser-gui-main\guip\guip\x64\release\guip.tlog\metagen.write.1.tlog
d:\senior 2\compilers\scanner-parser-gui-main(v4) - copy\scanner-parser-gui-main\guip\guip\x64\release\guip.tlog\resgen.command.1.tlog
d:\senior 2\compilers\scanner-parser-gui-main(v4) - copy\scanner-parser-gui-main\guip\guip\x64\release\guip.tlog\resgen.read.1.tlog
d:\senior 2\compilers\scanner-parser-gui-main(v4) - copy\scanner-parser-gui-main\guip\guip\x64\release\guip.tlog\resgen.write.1.tlog
